TN:
SF:lib/db-utils.ts
FN:108,generateHash
FN:115,isSessionExpired
FN:122,shouldScrubEmailData
FN:131,calculateAssessmentScore
FN:143,(anonymous_5)
FN:170,(anonymous_6)
FN:202,generateRecommendations
FN:234,createAssessment
FN:289,getAssessmentBySessionId
FN:298,completeAssessment
FN:334,createAssessmentSession
FN:351,getAssessmentSession
FN:360,updateSessionProgress
FN:384,(anonymous_14)
FN:418,completeSession
FN:439,getExpiredSessions
FN:452,cleanupExpiredSessions
FN:467,updateSessionActivity
FN:484,addToHubspotSyncQueue
FN:520,getPendingSyncEntries
FN:539,updateSyncEntryStatus
FN:555,completeSyncEntry
FN:584,recordSyncFailure
FN:620,getEntriesReadyForRetry
FN:642,getErrorStats
FN:656,(anonymous_26)
FN:667,processSyncQueue
FN:713,cleanupOldSyncEntries
FN:734,updateHubspotSyncStatus
FN:752,recordHubspotSyncFailure
FN:772,getAssessmentsForHubspotSync
FN:794,getAssessmentsForDataRetention
FN:824,getAssessmentsForEmailScrubbing
FN:845,scrubAssessmentEmailData
FN:862,performBulkEmailScrubbing
FN:899,createAnalyticsEvent
FN:917,getAnalyticsEvents
FN:928,aggregateAndCleanupAnalytics
FN:949,logDataRetentionOperation
FN:968,getDataRetentionLogs
FN:993,exportUserData
FN:1009,(anonymous_42)
FN:1017,(anonymous_43)
FN:1029,deleteUserData
FN:1049,processConsentWithdrawal
FN:1091,(anonymous_46)
FN:1101,createDatabaseError
FN:1113,isValidEmail
FN:1121,validateSessionProgression
FN:1150,(anonymous_50)
FN:1169,calculateBackoffDelay
FN:1176,hashPII
FNF:52
FNH:48
FNDA:4,generateHash
FNDA:12,isSessionExpired
FNDA:2,shouldScrubEmailData
FNDA:2,calculateAssessmentScore
FNDA:8,(anonymous_5)
FNDA:8,(anonymous_6)
FNDA:2,generateRecommendations
FNDA:45,createAssessment
FNDA:3,getAssessmentBySessionId
FNDA:1,completeAssessment
FNDA:19,createAssessmentSession
FNDA:14,getAssessmentSession
FNDA:10,updateSessionProgress
FNDA:6,(anonymous_14)
FNDA:1,completeSession
FNDA:2,getExpiredSessions
FNDA:3,cleanupExpiredSessions
FNDA:1,updateSessionActivity
FNDA:21,addToHubspotSyncQueue
FNDA:2,getPendingSyncEntries
FNDA:1,updateSyncEntryStatus
FNDA:7,completeSyncEntry
FNDA:12,recordSyncFailure
FNDA:1,getEntriesReadyForRetry
FNDA:1,getErrorStats
FNDA:0,(anonymous_26)
FNDA:2,processSyncQueue
FNDA:1,cleanupOldSyncEntries
FNDA:1,updateHubspotSyncStatus
FNDA:1,recordHubspotSyncFailure
FNDA:1,getAssessmentsForHubspotSync
FNDA:3,getAssessmentsForDataRetention
FNDA:2,getAssessmentsForEmailScrubbing
FNDA:5,scrubAssessmentEmailData
FNDA:2,performBulkEmailScrubbing
FNDA:6,createAnalyticsEvent
FNDA:1,getAnalyticsEvents
FNDA:1,aggregateAndCleanupAnalytics
FNDA:3,logDataRetentionOperation
FNDA:4,getDataRetentionLogs
FNDA:1,exportUserData
FNDA:3,(anonymous_42)
FNDA:0,(anonymous_43)
FNDA:2,deleteUserData
FNDA:1,processConsentWithdrawal
FNDA:6,(anonymous_46)
FNDA:6,createDatabaseError
FNDA:46,isValidEmail
FNDA:10,validateSessionProgression
FNDA:17,(anonymous_50)
FNDA:0,calculateBackoffDelay
FNDA:0,hashPII
DA:13,5
DA:14,5
DA:108,5
DA:109,4
DA:115,5
DA:116,12
DA:122,5
DA:123,2
DA:124,2
DA:125,2
DA:131,5
DA:133,2
DA:140,2
DA:143,2
DA:144,8
DA:145,8
DA:146,4
DA:147,2
DA:148,2
DA:149,0
DA:150,0
DA:154,8
DA:155,2
DA:156,6
DA:157,2
DA:158,4
DA:159,2
DA:160,2
DA:161,2
DA:164,8
DA:168,2
DA:169,2
DA:170,8
DA:174,2
DA:182,2
DA:183,2
DA:184,2
DA:185,0
DA:186,0
DA:189,2
DA:191,2
DA:206,2
DA:208,2
DA:209,0
DA:210,0
DA:211,2
DA:212,2
DA:213,2
DA:214,2
DA:217,0
DA:218,0
DA:219,0
DA:221,0
DA:222,0
DA:226,2
DA:234,5
DA:235,45
DA:237,45
DA:238,0
DA:241,45
DA:242,0
DA:246,45
DA:247,0
DA:250,45
DA:275,45
DA:279,0
DA:280,0
DA:282,0
DA:289,5
DA:290,3
DA:298,5
DA:302,1
DA:307,1
DA:323,1
DA:334,5
DA:335,19
DA:337,19
DA:351,5
DA:352,14
DA:360,5
DA:364,10
DA:365,10
DA:366,10
DA:367,0
DA:371,10
DA:372,0
DA:376,10
DA:377,10
DA:383,10
DA:384,6
DA:385,5
DA:392,5
DA:393,1
DA:397,4
DA:403,4
DA:408,6
DA:409,6
DA:411,0
DA:418,5
DA:422,1
DA:430,1
DA:439,5
DA:440,2
DA:452,5
DA:453,3
DA:461,3
DA:467,5
DA:468,1
DA:470,1
DA:484,5
DA:488,21
DA:492,21
DA:493,1
DA:496,20
DA:506,20
DA:520,5
DA:521,2
DA:539,5
DA:543,1
DA:555,5
DA:559,7
DA:568,7
DA:578,7
DA:584,5
DA:588,12
DA:592,12
DA:593,0
DA:596,12
DA:598,12
DA:602,12
DA:603,12
DA:605,12
DA:620,5
DA:621,1
DA:642,5
DA:643,1
DA:656,1
DA:657,0
DA:658,0
DA:660,0
DA:667,5
DA:672,2
DA:673,2
DA:674,2
DA:676,2
DA:677,5
DA:679,5
DA:681,5
DA:682,5
DA:686,5
DA:688,0
DA:692,0
DA:695,0
DA:699,0
DA:703,2
DA:713,5
DA:714,1
DA:715,1
DA:717,1
DA:726,1
DA:734,5
DA:738,1
DA:752,5
DA:756,1
DA:772,5
DA:773,1
DA:794,5
DA:797,3
DA:798,3
DA:800,3
DA:813,3
DA:818,3
DA:824,5
DA:825,2
DA:826,2
DA:828,2
DA:845,5
DA:846,5
DA:862,5
DA:870,2
DA:875,2
DA:876,2
DA:878,2
DA:879,4
DA:880,4
DA:881,0
DA:883,4
DA:887,2
DA:899,5
DA:907,6
DA:917,5
DA:922,1
DA:928,5
DA:937,1
DA:949,5
DA:958,3
DA:968,5
DA:973,4
DA:985,4
DA:993,5
DA:999,1
DA:1003,1
DA:1007,1
DA:1009,3
DA:1017,0
DA:1029,5
DA:1034,2
DA:1039,2
DA:1049,5
DA:1056,1
DA:1058,1
DA:1065,1
DA:1072,0
DA:1074,0
DA:1085,5
DA:1092,6
DA:1093,6
DA:1094,6
DA:1095,6
DA:1096,6
DA:1097,6
DA:1101,5
DA:1107,6
DA:1114,46
DA:1115,46
DA:1121,5
DA:1126,10
DA:1129,10
DA:1130,4
DA:1138,10
DA:1139,10
DA:1141,10
DA:1142,1
DA:1150,10
DA:1151,17
DA:1152,1
DA:1160,10
DA:1169,5
DA:1170,0
DA:1176,5
DA:1177,0
DA:1178,0
LF:242
LH:207
BRDA:122,0,0,2
BRDA:145,1,0,4
BRDA:145,1,1,2
BRDA:145,1,2,2
BRDA:145,1,3,0
BRDA:145,1,4,0
BRDA:154,2,0,2
BRDA:154,2,1,6
BRDA:154,3,0,8
BRDA:154,3,1,8
BRDA:156,4,0,2
BRDA:156,4,1,4
BRDA:156,5,0,6
BRDA:156,5,1,6
BRDA:158,6,0,2
BRDA:158,6,1,2
BRDA:158,7,0,4
BRDA:158,7,1,4
BRDA:160,8,0,2
BRDA:160,9,0,2
BRDA:160,9,1,2
BRDA:183,10,0,0
BRDA:183,10,1,2
BRDA:184,11,0,2
BRDA:184,11,1,0
BRDA:185,12,0,0
BRDA:185,12,1,0
BRDA:186,13,0,0
BRDA:208,14,0,0
BRDA:208,14,1,2
BRDA:211,15,0,2
BRDA:211,15,1,0
BRDA:213,16,0,2
BRDA:218,17,0,0
BRDA:221,18,0,0
BRDA:237,19,0,0
BRDA:241,20,0,0
BRDA:241,21,0,45
BRDA:241,21,1,45
BRDA:246,22,0,0
BRDA:246,23,0,45
BRDA:246,23,1,43
BRDA:253,24,0,45
BRDA:253,24,1,33
BRDA:254,25,0,0
BRDA:254,25,1,45
BRDA:255,26,0,45
BRDA:255,26,1,43
BRDA:256,27,0,0
BRDA:256,27,1,45
BRDA:257,28,0,45
BRDA:257,28,1,2
BRDA:258,29,0,45
BRDA:258,29,1,36
BRDA:259,30,0,45
BRDA:259,30,1,34
BRDA:260,31,0,45
BRDA:260,31,1,40
BRDA:261,32,0,45
BRDA:261,32,1,40
BRDA:262,33,0,45
BRDA:262,33,1,44
BRDA:263,34,0,45
BRDA:263,34,1,44
BRDA:264,35,0,45
BRDA:264,35,1,44
BRDA:265,36,0,45
BRDA:265,36,1,37
BRDA:266,37,0,45
BRDA:266,37,1,45
BRDA:267,38,0,0
BRDA:267,38,1,45
BRDA:268,39,0,0
BRDA:268,39,1,45
BRDA:269,40,0,45
BRDA:269,40,1,45
BRDA:270,41,0,45
BRDA:270,41,1,45
BRDA:271,42,0,45
BRDA:271,42,1,45
BRDA:272,43,0,45
BRDA:272,43,1,45
BRDA:279,44,0,0
BRDA:302,45,0,1
BRDA:302,45,1,0
BRDA:309,46,0,1
BRDA:309,46,1,0
BRDA:310,47,0,0
BRDA:310,47,1,1
BRDA:311,48,0,0
BRDA:311,48,1,1
BRDA:312,49,0,0
BRDA:312,49,1,1
BRDA:313,50,0,0
BRDA:313,50,1,1
BRDA:314,51,0,1
BRDA:314,51,1,1
BRDA:335,52,0,19
BRDA:335,52,1,13
BRDA:339,53,0,19
BRDA:339,53,1,10
BRDA:340,54,0,1
BRDA:340,54,1,18
BRDA:341,55,0,19
BRDA:341,55,1,17
BRDA:342,56,0,19
BRDA:342,56,1,17
BRDA:366,57,0,0
BRDA:371,58,0,0
BRDA:376,59,0,10
BRDA:376,60,0,10
BRDA:376,60,1,10
BRDA:383,61,0,5
BRDA:392,62,0,1
BRDA:392,63,0,5
BRDA:392,63,1,3
BRDA:399,64,0,4
BRDA:399,64,1,0
BRDA:408,65,0,6
BRDA:424,66,0,1
BRDA:424,66,1,0
BRDA:486,67,0,18
BRDA:492,68,0,1
BRDA:510,69,0,20
BRDA:510,69,1,19
BRDA:511,70,0,20
BRDA:511,70,1,19
BRDA:520,71,0,0
BRDA:547,72,0,1
BRDA:547,72,1,1
BRDA:592,73,0,0
BRDA:598,74,0,12
BRDA:598,74,1,11
BRDA:603,75,0,12
BRDA:603,75,1,11
BRDA:608,76,0,2
BRDA:608,76,1,10
BRDA:612,77,0,2
BRDA:612,77,1,10
BRDA:620,78,0,0
BRDA:657,79,0,0
BRDA:667,80,0,0
BRDA:681,81,0,5
BRDA:681,81,1,0
BRDA:696,82,0,0
BRDA:696,82,1,0
BRDA:713,83,0,0
BRDA:741,84,0,1
BRDA:741,84,1,0
BRDA:800,85,0,3
BRDA:800,85,1,0
BRDA:910,86,0,6
BRDA:910,86,1,1
BRDA:976,87,0,4
BRDA:976,87,1,0
BRDA:1056,88,0,1
BRDA:1129,89,0,4
BRDA:1141,90,0,1
BRDA:1141,91,0,10
BRDA:1141,91,1,6
BRDA:1151,92,0,1
BRDA:1169,93,0,0
BRDA:1177,94,0,0
BRDA:1177,94,1,0
BRDA:1177,94,2,0
BRF:165
BRH:120
end_of_record
TN:
SF:lib/prisma.ts
FN:18,createPrismaClient
FN:43,disconnectPrisma
FN:50,testDatabaseConnection
FN:63,getDatabaseHealth
FNF:4
FNH:1
FNDA:6,createPrismaClient
FNDA:0,disconnectPrisma
FNDA:0,testDatabaseConnection
FNDA:0,getDatabaseHealth
DA:8,5
DA:18,5
DA:19,6
DA:27,6
DA:34,5
DA:36,5
DA:37,5
DA:43,5
DA:44,0
DA:50,5
DA:51,0
DA:52,0
DA:53,0
DA:55,0
DA:56,0
DA:63,5
DA:68,0
DA:70,0
DA:71,0
DA:72,0
DA:74,0
DA:79,0
LF:22
LH:10
BRDA:20,0,0,6
BRDA:20,0,1,1
BRDA:23,1,0,0
BRDA:23,1,1,6
BRDA:34,2,0,5
BRDA:34,2,1,5
BRDA:36,3,0,5
BRDA:81,4,0,0
BRDA:81,4,1,0
BRF:9
BRH:6
end_of_record
TN:
SF:lib/utils.ts
FN:4,cn
FNF:1
FNH:0
FNDA:0,cn
DA:1,0
DA:2,0
DA:4,0
DA:5,0
LF:4
LH:0
BRF:0
BRH:0
end_of_record
TN:
SF:lib/services/hubspot.ts
FN:9,syncAssessmentToHubspot
FN:14,createHubspotContact
FN:19,createHubspotDeal
FNF:3
FNH:0
FNDA:0,syncAssessmentToHubspot
FNDA:0,createHubspotContact
FNDA:0,createHubspotDeal
DA:9,0
DA:11,0
DA:14,0
DA:16,0
DA:19,0
DA:21,0
LF:6
LH:0
BRF:0
BRH:0
end_of_record
