TN:
SF:lib/db-utils.ts
FN:100,generateHash
FN:107,isSessionExpired
FN:114,shouldScrubEmailData
FN:123,calculateAssessmentScore
FN:135,(anonymous_5)
FN:171,(anonymous_6)
FN:203,generateRecommendations
FN:232,createAssessment
FN:291,getAssessmentBySessionId
FN:300,completeAssessment
FN:344,createAssessmentSession
FN:361,getAssessmentSession
FN:370,updateSessionProgress
FN:402,(anonymous_14)
FN:444,completeSession
FN:467,getExpiredSessions
FN:480,cleanupExpiredSessions
FN:495,updateSessionActivity
FN:512,addToHubspotSyncQueue
FN:548,getPendingSyncEntries
FN:564,updateSyncEntryStatus
FN:580,completeSyncEntry
FN:609,recordSyncFailure
FN:644,getEntriesReadyForRetry
FN:663,getErrorStats
FN:678,(anonymous_26)
FN:691,processSyncQueue
FN:737,cleanupOldSyncEntries
FN:760,updateHubspotSyncStatus
FN:778,recordHubspotSyncFailure
FN:798,getAssessmentsForHubspotSync
FN:820,getAssessmentsForDataRetention
FN:851,getAssessmentsForEmailScrubbing
FN:872,scrubAssessmentEmailData
FN:889,performBulkEmailScrubbing
FN:926,createAnalyticsEvent
FN:944,getAnalyticsEvents
FN:955,aggregateAndCleanupAnalytics
FN:976,logDataRetentionOperation
FN:995,getDataRetentionLogs
FN:1020,exportUserData
FN:1036,(anonymous_42)
FN:1044,(anonymous_43)
FN:1056,deleteUserData
FN:1076,processConsentWithdrawal
FN:1118,(anonymous_46)
FN:1128,createDatabaseError
FN:1140,isValidEmail
FN:1148,validateSessionProgression
FN:1177,(anonymous_50)
FN:1196,calculateBackoffDelay
FN:1203,hashPII
FNF:52
FNH:0
FNDA:0,generateHash
FNDA:0,isSessionExpired
FNDA:0,shouldScrubEmailData
FNDA:0,calculateAssessmentScore
FNDA:0,(anonymous_5)
FNDA:0,(anonymous_6)
FNDA:0,generateRecommendations
FNDA:0,createAssessment
FNDA:0,getAssessmentBySessionId
FNDA:0,completeAssessment
FNDA:0,createAssessmentSession
FNDA:0,getAssessmentSession
FNDA:0,updateSessionProgress
FNDA:0,(anonymous_14)
FNDA:0,completeSession
FNDA:0,getExpiredSessions
FNDA:0,cleanupExpiredSessions
FNDA:0,updateSessionActivity
FNDA:0,addToHubspotSyncQueue
FNDA:0,getPendingSyncEntries
FNDA:0,updateSyncEntryStatus
FNDA:0,completeSyncEntry
FNDA:0,recordSyncFailure
FNDA:0,getEntriesReadyForRetry
FNDA:0,getErrorStats
FNDA:0,(anonymous_26)
FNDA:0,processSyncQueue
FNDA:0,cleanupOldSyncEntries
FNDA:0,updateHubspotSyncStatus
FNDA:0,recordHubspotSyncFailure
FNDA:0,getAssessmentsForHubspotSync
FNDA:0,getAssessmentsForDataRetention
FNDA:0,getAssessmentsForEmailScrubbing
FNDA:0,scrubAssessmentEmailData
FNDA:0,performBulkEmailScrubbing
FNDA:0,createAnalyticsEvent
FNDA:0,getAnalyticsEvents
FNDA:0,aggregateAndCleanupAnalytics
FNDA:0,logDataRetentionOperation
FNDA:0,getDataRetentionLogs
FNDA:0,exportUserData
FNDA:0,(anonymous_42)
FNDA:0,(anonymous_43)
FNDA:0,deleteUserData
FNDA:0,processConsentWithdrawal
FNDA:0,(anonymous_46)
FNDA:0,createDatabaseError
FNDA:0,isValidEmail
FNDA:0,validateSessionProgression
FNDA:0,(anonymous_50)
FNDA:0,calculateBackoffDelay
FNDA:0,hashPII
DA:13,0
DA:14,0
DA:100,0
DA:101,0
DA:107,0
DA:108,0
DA:114,0
DA:115,0
DA:116,0
DA:117,0
DA:123,0
DA:125,0
DA:132,0
DA:135,0
DA:136,0
DA:137,0
DA:139,0
DA:140,0
DA:142,0
DA:143,0
DA:145,0
DA:146,0
DA:148,0
DA:149,0
DA:151,0
DA:155,0
DA:156,0
DA:157,0
DA:158,0
DA:159,0
DA:160,0
DA:161,0
DA:162,0
DA:165,0
DA:169,0
DA:170,0
DA:171,0
DA:175,0
DA:183,0
DA:184,0
DA:185,0
DA:186,0
DA:187,0
DA:190,0
DA:192,0
DA:204,0
DA:206,0
DA:207,0
DA:208,0
DA:209,0
DA:210,0
DA:211,0
DA:212,0
DA:215,0
DA:216,0
DA:217,0
DA:219,0
DA:220,0
DA:224,0
DA:232,0
DA:233,0
DA:235,0
DA:236,0
DA:239,0
DA:240,0
DA:244,0
DA:245,0
DA:248,0
DA:273,0
DA:277,0
DA:278,0
DA:280,0
DA:291,0
DA:292,0
DA:300,0
DA:304,0
DA:309,0
DA:333,0
DA:344,0
DA:345,0
DA:347,0
DA:361,0
DA:362,0
DA:370,0
DA:374,0
DA:375,0
DA:376,0
DA:377,0
DA:385,0
DA:386,0
DA:394,0
DA:395,0
DA:401,0
DA:402,0
DA:403,0
DA:410,0
DA:411,0
DA:419,0
DA:425,0
DA:430,0
DA:431,0
DA:433,0
DA:444,0
DA:448,0
DA:458,0
DA:467,0
DA:468,0
DA:480,0
DA:481,0
DA:489,0
DA:495,0
DA:496,0
DA:498,0
DA:512,0
DA:516,0
DA:520,0
DA:521,0
DA:524,0
DA:534,0
DA:548,0
DA:549,0
DA:564,0
DA:568,0
DA:580,0
DA:584,0
DA:593,0
DA:603,0
DA:609,0
DA:613,0
DA:617,0
DA:618,0
DA:621,0
DA:623,0
DA:626,0
DA:627,0
DA:629,0
DA:644,0
DA:645,0
DA:663,0
DA:664,0
DA:677,0
DA:679,0
DA:680,0
DA:682,0
DA:691,0
DA:696,0
DA:697,0
DA:698,0
DA:700,0
DA:701,0
DA:703,0
DA:705,0
DA:706,0
DA:710,0
DA:712,0
DA:716,0
DA:719,0
DA:723,0
DA:727,0
DA:737,0
DA:740,0
DA:741,0
DA:743,0
DA:752,0
DA:760,0
DA:764,0
DA:778,0
DA:782,0
DA:798,0
DA:799,0
DA:820,0
DA:823,0
DA:824,0
DA:827,0
DA:840,0
DA:845,0
DA:851,0
DA:852,0
DA:853,0
DA:855,0
DA:872,0
DA:873,0
DA:889,0
DA:897,0
DA:902,0
DA:903,0
DA:905,0
DA:906,0
DA:907,0
DA:908,0
DA:910,0
DA:914,0
DA:926,0
DA:934,0
DA:944,0
DA:949,0
DA:955,0
DA:964,0
DA:976,0
DA:985,0
DA:995,0
DA:1000,0
DA:1012,0
DA:1020,0
DA:1026,0
DA:1030,0
DA:1034,0
DA:1036,0
DA:1044,0
DA:1056,0
DA:1061,0
DA:1066,0
DA:1076,0
DA:1083,0
DA:1085,0
DA:1092,0
DA:1099,0
DA:1101,0
DA:1112,0
DA:1119,0
DA:1120,0
DA:1121,0
DA:1122,0
DA:1123,0
DA:1124,0
DA:1128,0
DA:1134,0
DA:1141,0
DA:1142,0
DA:1148,0
DA:1153,0
DA:1156,0
DA:1157,0
DA:1165,0
DA:1166,0
DA:1168,0
DA:1169,0
DA:1177,0
DA:1178,0
DA:1179,0
DA:1187,0
DA:1196,0
DA:1197,0
DA:1203,0
DA:1204,0
DA:1205,0
LF:246
LH:0
BRDA:114,0,0,0
BRDA:137,1,0,0
BRDA:137,1,1,0
BRDA:137,1,2,0
BRDA:137,1,3,0
BRDA:137,1,4,0
BRDA:155,2,0,0
BRDA:155,2,1,0
BRDA:155,3,0,0
BRDA:155,3,1,0
BRDA:157,4,0,0
BRDA:157,4,1,0
BRDA:157,5,0,0
BRDA:157,5,1,0
BRDA:159,6,0,0
BRDA:159,6,1,0
BRDA:159,7,0,0
BRDA:159,7,1,0
BRDA:161,8,0,0
BRDA:161,9,0,0
BRDA:161,9,1,0
BRDA:184,10,0,0
BRDA:184,10,1,0
BRDA:185,11,0,0
BRDA:185,11,1,0
BRDA:186,12,0,0
BRDA:186,12,1,0
BRDA:187,13,0,0
BRDA:206,14,0,0
BRDA:206,14,1,0
BRDA:209,15,0,0
BRDA:209,15,1,0
BRDA:211,16,0,0
BRDA:216,17,0,0
BRDA:219,18,0,0
BRDA:235,19,0,0
BRDA:239,20,0,0
BRDA:239,21,0,0
BRDA:239,21,1,0
BRDA:244,22,0,0
BRDA:244,23,0,0
BRDA:244,23,1,0
BRDA:251,24,0,0
BRDA:251,24,1,0
BRDA:252,25,0,0
BRDA:252,25,1,0
BRDA:253,26,0,0
BRDA:253,26,1,0
BRDA:254,27,0,0
BRDA:254,27,1,0
BRDA:255,28,0,0
BRDA:255,28,1,0
BRDA:256,29,0,0
BRDA:256,29,1,0
BRDA:257,30,0,0
BRDA:257,30,1,0
BRDA:258,31,0,0
BRDA:258,31,1,0
BRDA:259,32,0,0
BRDA:259,32,1,0
BRDA:260,33,0,0
BRDA:260,33,1,0
BRDA:261,34,0,0
BRDA:261,34,1,0
BRDA:262,35,0,0
BRDA:262,35,1,0
BRDA:263,36,0,0
BRDA:263,36,1,0
BRDA:264,37,0,0
BRDA:264,37,1,0
BRDA:265,38,0,0
BRDA:265,38,1,0
BRDA:266,39,0,0
BRDA:266,39,1,0
BRDA:267,40,0,0
BRDA:267,40,1,0
BRDA:268,41,0,0
BRDA:268,41,1,0
BRDA:269,42,0,0
BRDA:269,42,1,0
BRDA:270,43,0,0
BRDA:270,43,1,0
BRDA:277,44,0,0
BRDA:304,45,0,0
BRDA:304,45,1,0
BRDA:311,46,0,0
BRDA:311,46,1,0
BRDA:312,47,0,0
BRDA:312,47,1,0
BRDA:315,48,0,0
BRDA:315,48,1,0
BRDA:318,49,0,0
BRDA:318,49,1,0
BRDA:321,50,0,0
BRDA:321,50,1,0
BRDA:324,51,0,0
BRDA:324,51,1,0
BRDA:345,52,0,0
BRDA:345,52,1,0
BRDA:349,53,0,0
BRDA:349,53,1,0
BRDA:350,54,0,0
BRDA:350,54,1,0
BRDA:351,55,0,0
BRDA:351,55,1,0
BRDA:352,56,0,0
BRDA:352,56,1,0
BRDA:376,57,0,0
BRDA:385,58,0,0
BRDA:394,59,0,0
BRDA:394,60,0,0
BRDA:394,60,1,0
BRDA:401,61,0,0
BRDA:410,62,0,0
BRDA:410,63,0,0
BRDA:410,63,1,0
BRDA:421,64,0,0
BRDA:421,64,1,0
BRDA:430,65,0,0
BRDA:450,66,0,0
BRDA:450,66,1,0
BRDA:514,67,0,0
BRDA:520,68,0,0
BRDA:538,69,0,0
BRDA:538,69,1,0
BRDA:539,70,0,0
BRDA:539,70,1,0
BRDA:548,71,0,0
BRDA:572,72,0,0
BRDA:572,72,1,0
BRDA:617,73,0,0
BRDA:623,74,0,0
BRDA:623,74,1,0
BRDA:627,75,0,0
BRDA:627,75,1,0
BRDA:632,76,0,0
BRDA:632,76,1,0
BRDA:636,77,0,0
BRDA:636,77,1,0
BRDA:644,78,0,0
BRDA:679,79,0,0
BRDA:691,80,0,0
BRDA:705,81,0,0
BRDA:705,81,1,0
BRDA:720,82,0,0
BRDA:720,82,1,0
BRDA:738,83,0,0
BRDA:767,84,0,0
BRDA:767,84,1,0
BRDA:827,85,0,0
BRDA:827,85,1,0
BRDA:937,86,0,0
BRDA:937,86,1,0
BRDA:1003,87,0,0
BRDA:1003,87,1,0
BRDA:1083,88,0,0
BRDA:1156,89,0,0
BRDA:1168,90,0,0
BRDA:1168,91,0,0
BRDA:1168,91,1,0
BRDA:1178,92,0,0
BRDA:1196,93,0,0
BRDA:1204,94,0,0
BRDA:1204,94,1,0
BRDA:1204,94,2,0
BRF:165
BRH:0
end_of_record
TN:
SF:lib/prisma.ts
FN:18,createPrismaClient
FN:43,disconnectPrisma
FN:50,testDatabaseConnection
FN:63,getDatabaseHealth
FNF:4
FNH:1
FNDA:1,createPrismaClient
FNDA:0,disconnectPrisma
FNDA:0,testDatabaseConnection
FNDA:0,getDatabaseHealth
DA:8,1
DA:18,1
DA:19,1
DA:27,1
DA:34,1
DA:36,1
DA:37,1
DA:43,1
DA:44,0
DA:50,1
DA:51,0
DA:52,0
DA:53,0
DA:55,0
DA:56,0
DA:63,1
DA:68,0
DA:70,0
DA:71,0
DA:72,0
DA:74,0
DA:79,0
LF:22
LH:10
BRDA:20,0,0,1
BRDA:20,0,1,0
BRDA:23,1,0,0
BRDA:23,1,1,1
BRDA:34,2,0,1
BRDA:34,2,1,1
BRDA:36,3,0,1
BRDA:81,4,0,0
BRDA:81,4,1,0
BRF:9
BRH:5
end_of_record
TN:
SF:lib/utils.ts
FN:4,cn
FNF:1
FNH:0
FNDA:0,cn
DA:1,0
DA:2,0
DA:4,0
DA:5,0
LF:4
LH:0
BRF:0
BRH:0
end_of_record
TN:
SF:lib/services/hubspot-retry.ts
FN:15,(anonymous_0)
FN:47,(anonymous_1)
FN:60,(anonymous_2)
FN:82,(anonymous_3)
FN:121,(anonymous_4)
FN:136,(anonymous_5)
FN:153,(anonymous_6)
FNF:7
FNH:7
FNDA:13,(anonymous_0)
FNDA:10,(anonymous_1)
FNDA:3,(anonymous_2)
FNDA:5,(anonymous_3)
FNDA:3,(anonymous_4)
FNDA:1,(anonymous_5)
FNDA:1,(anonymous_6)
DA:8,1
DA:11,1
DA:22,13
DA:23,13
DA:24,13
DA:26,13
DA:40,13
DA:48,10
DA:50,10
DA:51,1
DA:54,9
DA:61,3
DA:76,3
DA:83,5
DA:87,5
DA:88,0
DA:91,5
DA:92,5
DA:94,5
DA:95,5
DA:101,5
DA:102,2
DA:103,2
DA:105,3
DA:106,3
DA:107,3
DA:110,5
DA:115,5
DA:122,3
DA:130,3
DA:137,1
DA:147,1
DA:154,1
DA:156,1
DA:165,1
DA:166,3
DA:168,3
DA:174,3
DA:176,3
DA:177,2
DA:181,2
DA:183,1
DA:184,1
DA:187,0
DA:188,0
DA:195,1
LF:46
LH:43
BRDA:19,0,0,8
BRDA:23,1,0,13
BRDA:23,1,1,0
BRDA:31,2,0,13
BRDA:31,2,1,11
BRDA:36,3,0,13
BRDA:36,3,1,9
BRDA:50,4,0,1
BRDA:60,5,0,0
BRDA:87,6,0,0
BRDA:101,7,0,2
BRDA:101,7,1,3
BRDA:153,8,0,0
BRDA:176,9,0,2
BRDA:176,9,1,1
BRDA:190,10,0,0
BRDA:190,10,1,0
BRF:17
BRH:11
end_of_record
TN:
SF:lib/services/hubspot.ts
FN:50,(anonymous_0)
FN:63,(anonymous_1)
FN:98,(anonymous_2)
FN:130,(anonymous_3)
FN:147,(anonymous_4)
FN:159,(anonymous_5)
FN:181,syncAssessmentToHubspot
FN:186,createHubspotContact
FN:191,createHubspotDeal
FNF:9
FNH:0
FNDA:0,(anonymous_0)
FNDA:0,(anonymous_1)
FNDA:0,(anonymous_2)
FNDA:0,(anonymous_3)
FNDA:0,(anonymous_4)
FNDA:0,(anonymous_5)
FNDA:0,syncAssessmentToHubspot
FNDA:0,createHubspotContact
FNDA:0,createHubspotDeal
DA:8,0
DA:9,0
DA:47,0
DA:51,0
DA:52,0
DA:55,0
DA:64,0
DA:66,0
DA:67,0
DA:74,0
DA:76,0
DA:81,0
DA:87,0
DA:88,0
DA:89,0
DA:92,0
DA:99,0
DA:101,0
DA:131,0
DA:133,0
DA:134,0
DA:135,0
DA:137,0
DA:141,0
DA:148,0
DA:149,0
DA:150,0
DA:151,0
DA:152,0
DA:160,0
DA:175,0
DA:176,0
DA:181,0
DA:182,0
DA:183,0
DA:186,0
DA:187,0
DA:188,0
DA:191,0
DA:193,0
LF:40
LH:0
BRDA:51,0,0,0
BRDA:66,1,0,0
BRDA:87,2,0,0
BRDA:117,3,0,0
BRDA:117,3,1,0
BRDA:131,4,0,0
BRDA:133,5,0,0
BRDA:148,6,0,0
BRDA:148,6,1,0
BRDA:148,6,2,0
BRDA:148,6,3,0
BRF:11
BRH:0
end_of_record
TN:
SF:lib/services/lead-qualification.ts
FN:21,(anonymous_0)
FN:44,(anonymous_1)
FN:63,(anonymous_2)
FN:85,(anonymous_3)
FN:94,(anonymous_4)
FN:113,(anonymous_5)
FN:125,(anonymous_6)
FNF:7
FNH:0
FNDA:0,(anonymous_0)
FNDA:0,(anonymous_1)
FNDA:0,(anonymous_2)
FNDA:0,(anonymous_3)
FNDA:0,(anonymous_4)
FNDA:0,(anonymous_5)
FNDA:0,(anonymous_6)
DA:17,0
DA:22,0
DA:23,0
DA:26,0
DA:27,0
DA:29,0
DA:46,0
DA:48,0
DA:50,0
DA:51,0
DA:53,0
DA:55,0
DA:57,0
DA:65,0
DA:71,0
DA:74,0
DA:77,0
DA:79,0
DA:86,0
DA:87,0
DA:90,0
DA:93,0
DA:94,0
DA:95,0
DA:99,0
DA:100,0
DA:101,0
DA:102,0
DA:103,0
DA:107,0
DA:114,0
DA:115,0
DA:118,0
DA:121,0
DA:125,0
DA:126,0
LF:36
LH:0
BRDA:22,0,0,0
BRDA:46,1,0,0
BRDA:46,2,0,0
BRDA:46,2,1,0
BRDA:48,3,0,0
BRDA:48,4,0,0
BRDA:48,4,1,0
BRDA:48,4,2,0
BRDA:48,4,3,0
BRDA:50,5,0,0
BRDA:65,6,0,0
BRDA:65,6,1,0
BRDA:65,6,2,0
BRDA:65,6,3,0
BRDA:65,6,4,0
BRDA:65,6,5,0
BRDA:65,6,6,0
BRDA:65,6,7,0
BRDA:71,7,0,0
BRDA:71,7,1,0
BRDA:71,7,2,0
BRDA:79,8,0,0
BRDA:79,8,1,0
BRDA:79,8,2,0
BRDA:79,8,3,0
BRDA:86,9,0,0
BRDA:86,10,0,0
BRDA:86,10,1,0
BRDA:100,11,0,0
BRDA:100,12,0,0
BRDA:100,12,1,0
BRDA:102,13,0,0
BRDA:107,14,0,0
BRDA:107,14,1,0
BRDA:114,15,0,0
BRDA:114,16,0,0
BRDA:114,16,1,0
BRF:37
BRH:0
end_of_record
TN:
SF:lib/utils/rate-limiter.ts
FN:34,(anonymous_0)
FN:46,(anonymous_1)
FN:73,(anonymous_2)
FN:105,(anonymous_3)
FN:165,(anonymous_4)
FN:187,(anonymous_5)
FN:194,(anonymous_6)
FNF:7
FNH:0
FNDA:0,(anonymous_0)
FNDA:0,(anonymous_1)
FNDA:0,(anonymous_2)
FNDA:0,(anonymous_3)
FNDA:0,(anonymous_4)
FNDA:0,(anonymous_5)
FNDA:0,(anonymous_6)
DA:30,0
DA:32,0
DA:35,0
DA:47,0
DA:48,0
DA:51,0
DA:53,0
DA:55,0
DA:56,0
DA:61,0
DA:65,0
DA:66,0
DA:67,0
DA:68,0
DA:72,0
DA:73,0
DA:75,0
DA:77,0
DA:79,0
DA:80,0
DA:82,0
DA:91,0
DA:92,0
DA:93,0
DA:95,0
DA:106,0
DA:107,0
DA:110,0
DA:113,0
DA:114,0
DA:115,0
DA:116,0
DA:119,0
DA:121,0
DA:124,0
DA:125,0
DA:128,0
DA:137,0
DA:139,0
DA:140,0
DA:143,0
DA:153,0
DA:166,0
DA:167,0
DA:168,0
DA:170,0
DA:176,0
DA:177,0
DA:178,0
DA:181,0
DA:188,0
DA:195,0
DA:197,0
DA:198,0
LF:54
LH:0
BRDA:55,0,0,0
BRDA:65,1,0,0
BRDA:79,2,0,0
BRDA:105,3,0,0
BRDA:106,4,0,0
BRDA:114,5,0,0
BRDA:114,6,0,0
BRDA:114,6,1,0
BRDA:121,7,0,0
BRDA:137,8,0,0
BRDA:137,9,0,0
BRDA:137,9,1,0
BRDA:167,10,0,0
BRDA:167,10,1,0
BRDA:168,11,0,0
BRDA:168,11,1,0
BRDA:176,12,0,0
BRDA:197,13,0,0
BRF:18
BRH:0
end_of_record
